<?xml version="1.0" encoding="UTF-8"?>
<!-- Generated by org.testng.reporters.JUnitReportReporter -->
<testsuite hostname="DESKTOP-1Q442FK" failures="0" tests="2" name="com.trustlypay.qa.testcases.SinupTest" time="9.042" errors="0" timestamp="03 May 2023 07:42:21 GMT" skipped="0">
  <testcase classname="com.trustlypay.qa.testcases.SinupTest" name="registration" time="4.832"/>
  <testcase classname="com.trustlypay.qa.testcases.SinupTest" name="registerButtontest" time="4.210"/>
</testsuite> <!-- com.trustlypay.qa.testcases.SinupTest -->
