<?xml version="1.0" encoding="UTF-8"?>
<!-- Generated by org.testng.reporters.JUnitReportReporter -->
<testsuite hostname="DESKTOP-1Q442FK" failures="0" tests="7" name="com.trustlypay.qa.testcases.DashBoardTest" time="96.963" errors="0" timestamp="03 May 2023 07:57:18 GMT" skipped="0">
  <testcase classname="com.trustlypay.qa.testcases.DashBoardTest" name="testThisMonthDashBoard" time="12.691"/>
  <testcase classname="com.trustlypay.qa.testcases.DashBoardTest" name="testCustomDateDashBoard" time="10.659"/>
  <testcase classname="com.trustlypay.qa.testcases.DashBoardTest" name="testLast30DashBoard" time="21.092"/>
  <testcase classname="com.trustlypay.qa.testcases.DashBoardTest" name="testLast7DashBoard" time="10.999"/>
  <testcase classname="com.trustlypay.qa.testcases.DashBoardTest" name="testTodayDashBoard" time="12.333"/>
  <testcase classname="com.trustlypay.qa.testcases.DashBoardTest" name="testYesterdayDashBoard" time="11.067"/>
  <testcase classname="com.trustlypay.qa.testcases.DashBoardTest" name="testLastMonthDashBoard" time="18.122"/>
</testsuite> <!-- com.trustlypay.qa.testcases.DashBoardTest -->
