<?xml version="1.0" encoding="UTF-8"?>
<!-- Generated by org.testng.reporters.JUnitReportReporter -->
<testsuite hostname="DESKTOP-1Q442FK" failures="0" tests="2" name="com.trustlypay.qa.testcases.LoginPageTest" time="15.685" errors="0" timestamp="03 May 2023 07:42:21 GMT" skipped="0">
  <testcase classname="com.trustlypay.qa.testcases.LoginPageTest" name="logintest" time="10.680"/>
  <testcase classname="com.trustlypay.qa.testcases.LoginPageTest" name="testLoginTitle" time="5.005"/>
</testsuite> <!-- com.trustlypay.qa.testcases.LoginPageTest -->
